#
# There is insufficient memory for the Java Runtime Environment to continue.
# Native memory allocation (malloc) failed to allocate 463216 bytes for Chunk::new
# Possible reasons:
#   The system is out of physical RAM or swap space
#   The process is running with CompressedOops enabled, and the Java Heap may be blocking the growth of the native heap
# Possible solutions:
#   Reduce memory load on the system
#   Increase physical memory or swap space
#   Check if swap backing store is full
#   Decrease Java heap size (-Xmx/-Xms)
#   Decrease number of Java threads
#   Decrease Java thread stack sizes (-Xss)
#   Set larger code cache with -XX:ReservedCodeCacheSize=
#   JVM is running with Zero Based Compressed Oops mode in which the Java heap is
#     placed in the first 32GB address space. The Java Heap base address is the
#     maximum limit for the native heap growth. Please use -XX:HeapBaseMinAddress
#     to set the Java Heap base and to place the Java Heap above 32GB virtual address.
# This output file may be truncated or incomplete.
#
#  Out of Memory Error (./open/src/hotspot/share/memory/arena.cpp:197), pid=16612, tid=26268
#
# JRE version: Java(TM) SE Runtime Environment 18.9 (11.0.10+8) (build 11.0.10+8-LTS-162)
# Java VM: Java HotSpot(TM) 64-Bit Server VM 18.9 (11.0.10+8-LTS-162, mixed mode, tiered, compressed oops, g1 gc, windows-amd64)
# No core dump will be written. Minidumps are not enabled by default on client versions of Windows
#

---------------  S U M M A R Y ------------

Command Line: -Dclassworlds.conf=C:\Program Files\NetBeans-12.3\netbeans\java\maven\bin\..\bin\m2.conf -Dmaven.home=C:\Program Files\NetBeans-12.3\netbeans\java\maven\bin\.. -Dlibrary.jansi.path=C:\Program Files\NetBeans-12.3\netbeans\java\maven\bin\..\lib\jansi-native -Dmaven.multiModuleProjectDirectory=C:\UTN\DLC\Ficha 08 [AEM - Algoritmo de Prim]\Ficha 08 [AEM - Algoritmo de Prim]\DLC-Prim org.codehaus.plexus.classworlds.launcher.Launcher -Dexec.args=-classpath %classpath interfaz.Principal -Dexec.executable=C:\Program Files\Java\jdk-11.0.10\bin\java.exe -Dmaven.ext.class.path=C:\Program Files\NetBeans-12.3\netbeans\java\maven-nblib\netbeans-eventspy.jar org.codehaus.mojo:exec-maven-plugin:3.0.0:exec

Host: Intel(R) Core(TM) i5-1035G1 CPU @ 1.00GHz, 8 cores, 11G,  Windows 10 , 64 bit Build 19041 (10.0.19041.662)
Time: Wed Jun 16 02:11:45 2021 Hora estándar de Argentina elapsed time: 2.997824 seconds (0d 0h 0m 2s)

---------------  T H R E A D  ---------------

Current thread (0x000002adec79e000):  JavaThread "C2 CompilerThread2" daemon [_thread_in_native, id=26268, stack(0x000000b4ffc00000,0x000000b4ffd00000)]


Current CompileTask:
C2:   2997 2217   !   4       sun.nio.cs.StreamDecoder::read (196 bytes)

Stack: [0x000000b4ffc00000,0x000000b4ffd00000]
Native frames: (J=compiled Java code, j=interpreted, Vv=VM code, C=native code)
V  [jvm.dll+0x613e6a]
V  [jvm.dll+0x74c1ff]
V  [jvm.dll+0x74d885]
V  [jvm.dll+0x74df03]
V  [jvm.dll+0x243b78]
V  [jvm.dll+0xba2cc]
V  [jvm.dll+0xba9cc]
V  [jvm.dll+0x346982]
V  [jvm.dll+0x3147d3]
V  [jvm.dll+0x313b1a]
V  [jvm.dll+0x1fd395]
V  [jvm.dll+0x1fc54f]
V  [jvm.dll+0x17f09c]
V  [jvm.dll+0x20bbd4]
V  [jvm.dll+0x209cab]
V  [jvm.dll+0x713619]
V  [jvm.dll+0x70c314]
V  [jvm.dll+0x613036]
C  [ucrtbase.dll+0x214c2]
C  [KERNEL32.DLL+0x17034]
C  [ntdll.dll+0x4d0d1]


---------------  P R O C E S S  ---------------

Threads class SMR info:
_java_thread_list=0x000002adec7437b0, length=12, elements={
0x000002adc9cf8000, 0x000002adeb787800, 0x000002adeb788800, 0x000002adeb813800,
0x000002adeb815000, 0x000002adeb819000, 0x000002adeb7c9800, 0x000002adeb823000,
0x000002adeb9ac000, 0x000002adeb983000, 0x000002adebde9800, 0x000002adec79e000
}

Java Threads: ( => current thread )
  0x000002adc9cf8000 JavaThread "main" [_thread_in_Java, id=29664, stack(0x000000b4fea00000,0x000000b4feb00000)]
  0x000002adeb787800 JavaThread "Reference Handler" daemon [_thread_blocked, id=2516, stack(0x000000b4ff100000,0x000000b4ff200000)]
  0x000002adeb788800 JavaThread "Finalizer" daemon [_thread_blocked, id=29124, stack(0x000000b4ff200000,0x000000b4ff300000)]
  0x000002adeb813800 JavaThread "Signal Dispatcher" daemon [_thread_blocked, id=22272, stack(0x000000b4ff300000,0x000000b4ff400000)]
  0x000002adeb815000 JavaThread "Attach Listener" daemon [_thread_blocked, id=18120, stack(0x000000b4ff400000,0x000000b4ff500000)]
  0x000002adeb819000 JavaThread "C2 CompilerThread0" daemon [_thread_blocked, id=10544, stack(0x000000b4ff500000,0x000000b4ff600000)]
  0x000002adeb7c9800 JavaThread "C1 CompilerThread0" daemon [_thread_blocked, id=17456, stack(0x000000b4ff600000,0x000000b4ff700000)]
  0x000002adeb823000 JavaThread "Sweeper thread" daemon [_thread_blocked, id=22012, stack(0x000000b4ff700000,0x000000b4ff800000)]
  0x000002adeb9ac000 JavaThread "Service Thread" daemon [_thread_blocked, id=1268, stack(0x000000b4ff800000,0x000000b4ff900000)]
  0x000002adeb983000 JavaThread "Common-Cleaner" daemon [_thread_blocked, id=27756, stack(0x000000b4ffa00000,0x000000b4ffb00000)]
  0x000002adebde9800 JavaThread "C2 CompilerThread1" daemon [_thread_in_native, id=21692, stack(0x000000b4ffb00000,0x000000b4ffc00000)]
=>0x000002adec79e000 JavaThread "C2 CompilerThread2" daemon [_thread_in_native, id=26268, stack(0x000000b4ffc00000,0x000000b4ffd00000)]

Other Threads:
  0x000002adeb783800 VMThread "VM Thread" [stack: 0x000000b4ff000000,0x000000b4ff100000] [id=26776]
  0x000002adeb9b1800 WatcherThread [stack: 0x000000b4ff900000,0x000000b4ffa00000] [id=22540]
  0x000002adc9d0f000 GCTaskThread "GC Thread#0" [stack: 0x000000b4feb00000,0x000000b4fec00000] [id=28132]
  0x000002adec71d000 GCTaskThread "GC Thread#1" [stack: 0x000000b4ffd00000,0x000000b4ffe00000] [id=22812]
  0x000002adec965800 GCTaskThread "GC Thread#2" [stack: 0x000000b4ffe00000,0x000000b4fff00000] [id=29340]
  0x000002adec7a0000 GCTaskThread "GC Thread#3" [stack: 0x000000b4fff00000,0x000000b500000000] [id=25752]
  0x000002ade848c000 ConcurrentGCThread "G1 Main Marker" [stack: 0x000000b4fec00000,0x000000b4fed00000] [id=23828]
  0x000002adc9d4a000 ConcurrentGCThread "G1 Conc#0" [stack: 0x000000b4fed00000,0x000000b4fee00000] [id=28604]
  0x000002ade856c800 ConcurrentGCThread "G1 Refine#0" [stack: 0x000000b4fee00000,0x000000b4fef00000] [id=9344]
  0x000002ade8570000 ConcurrentGCThread "G1 Young RemSet Sampling" [stack: 0x000000b4fef00000,0x000000b4ff000000] [id=14300]

Threads with active compile tasks:
C2 CompilerThread1   3317 2248       4       org.apache.maven.model.io.xpp3.MavenXpp3Reader::checkFieldWithDuplicate (75 bytes)
C2 CompilerThread2   3317 2217   !   4       sun.nio.cs.StreamDecoder::read (196 bytes)

VM state:not at safepoint (normal execution)

VM Mutex/Monitor currently owned by a thread: None

Heap address: 0x0000000743200000, size: 3022 MB, Compressed Oops mode: Zero based, Oop shift amount: 3
Narrow klass base: 0x0000000800000000, Narrow klass shift: 0
Compressed class space size: 1073741824 Address: 0x0000000800000000

Heap:
 garbage-first heap   total 194560K, used 62864K [0x0000000743200000, 0x0000000800000000)
  region size 1024K, 62 young (63488K), 3 survivors (3072K)
 Metaspace       used 20734K, capacity 21125K, committed 21296K, reserved 1069056K
  class space    used 2215K, capacity 2319K, committed 2432K, reserved 1048576K
Heap Regions: E=young(eden), S=young(survivor), O=old, HS=humongous(starts), HC=humongous(continues), CS=collection set, F=free, A=archive, TAMS=top-at-mark-start (previous, next)
|   0|0x0000000743200000, 0x0000000743264000, 0x0000000743300000| 39%| O|  |TAMS 0x0000000743200000, 0x0000000743200000| Untracked 
|   1|0x0000000743300000, 0x0000000743300000, 0x0000000743400000|  0%| F|  |TAMS 0x0000000743300000, 0x0000000743300000| Untracked 
|   2|0x0000000743400000, 0x0000000743400000, 0x0000000743500000|  0%| F|  |TAMS 0x0000000743400000, 0x0000000743400000| Untracked 
|   3|0x0000000743500000, 0x0000000743500000, 0x0000000743600000|  0%| F|  |TAMS 0x0000000743500000, 0x0000000743500000| Untracked 
|   4|0x0000000743600000, 0x0000000743600000, 0x0000000743700000|  0%| F|  |TAMS 0x0000000743600000, 0x0000000743600000| Untracked 
|   5|0x0000000743700000, 0x0000000743700000, 0x0000000743800000|  0%| F|  |TAMS 0x0000000743700000, 0x0000000743700000| Untracked 
|   6|0x0000000743800000, 0x0000000743800000, 0x0000000743900000|  0%| F|  |TAMS 0x0000000743800000, 0x0000000743800000| Untracked 
|   7|0x0000000743900000, 0x0000000743900000, 0x0000000743a00000|  0%| F|  |TAMS 0x0000000743900000, 0x0000000743900000| Untracked 
|   8|0x0000000743a00000, 0x0000000743a00000, 0x0000000743b00000|  0%| F|  |TAMS 0x0000000743a00000, 0x0000000743a00000| Untracked 
|   9|0x0000000743b00000, 0x0000000743b00000, 0x0000000743c00000|  0%| F|  |TAMS 0x0000000743b00000, 0x0000000743b00000| Untracked 
|  10|0x0000000743c00000, 0x0000000743c00000, 0x0000000743d00000|  0%| F|  |TAMS 0x0000000743c00000, 0x0000000743c00000| Untracked 
|  11|0x0000000743d00000, 0x0000000743d00000, 0x0000000743e00000|  0%| F|  |TAMS 0x0000000743d00000, 0x0000000743d00000| Untracked 
|  12|0x0000000743e00000, 0x0000000743e00000, 0x0000000743f00000|  0%| F|  |TAMS 0x0000000743e00000, 0x0000000743e00000| Untracked 
|  13|0x0000000743f00000, 0x0000000743f00000, 0x0000000744000000|  0%| F|  |TAMS 0x0000000743f00000, 0x0000000743f00000| Untracked 
|  14|0x0000000744000000, 0x0000000744000000, 0x0000000744100000|  0%| F|  |TAMS 0x0000000744000000, 0x0000000744000000| Untracked 
|  15|0x0000000744100000, 0x0000000744100000, 0x0000000744200000|  0%| F|  |TAMS 0x0000000744100000, 0x0000000744100000| Untracked 
|  16|0x0000000744200000, 0x0000000744200000, 0x0000000744300000|  0%| F|  |TAMS 0x0000000744200000, 0x0000000744200000| Untracked 
|  17|0x0000000744300000, 0x0000000744300000, 0x0000000744400000|  0%| F|  |TAMS 0x0000000744300000, 0x0000000744300000| Untracked 
|  18|0x0000000744400000, 0x0000000744400000, 0x0000000744500000|  0%| F|  |TAMS 0x0000000744400000, 0x0000000744400000| Untracked 
|  19|0x0000000744500000, 0x0000000744500000, 0x0000000744600000|  0%| F|  |TAMS 0x0000000744500000, 0x0000000744500000| Untracked 
|  20|0x0000000744600000, 0x0000000744600000, 0x0000000744700000|  0%| F|  |TAMS 0x0000000744600000, 0x0000000744600000| Untracked 
|  21|0x0000000744700000, 0x0000000744700000, 0x0000000744800000|  0%| F|  |TAMS 0x0000000744700000, 0x0000000744700000| Untracked 
|  22|0x0000000744800000, 0x0000000744800000, 0x0000000744900000|  0%| F|  |TAMS 0x0000000744800000, 0x0000000744800000| Untracked 
|  23|0x0000000744900000, 0x0000000744900000, 0x0000000744a00000|  0%| F|  |TAMS 0x0000000744900000, 0x0000000744900000| Untracked 
|  24|0x0000000744a00000, 0x0000000744a00000, 0x0000000744b00000|  0%| F|  |TAMS 0x0000000744a00000, 0x0000000744a00000| Untracked 
|  25|0x0000000744b00000, 0x0000000744b00000, 0x0000000744c00000|  0%| F|  |TAMS 0x0000000744b00000, 0x0000000744b00000| Untracked 
|  26|0x0000000744c00000, 0x0000000744c00000, 0x0000000744d00000|  0%| F|  |TAMS 0x0000000744c00000, 0x0000000744c00000| Untracked 
|  27|0x0000000744d00000, 0x0000000744d00000, 0x0000000744e00000|  0%| F|  |TAMS 0x0000000744d00000, 0x0000000744d00000| Untracked 
|  28|0x0000000744e00000, 0x0000000744e00000, 0x0000000744f00000|  0%| F|  |TAMS 0x0000000744e00000, 0x0000000744e00000| Untracked 
|  29|0x0000000744f00000, 0x0000000744f00000, 0x0000000745000000|  0%| F|  |TAMS 0x0000000744f00000, 0x0000000744f00000| Untracked 
|  30|0x0000000745000000, 0x0000000745000000, 0x0000000745100000|  0%| F|  |TAMS 0x0000000745000000, 0x0000000745000000| Untracked 
|  31|0x0000000745100000, 0x0000000745100000, 0x0000000745200000|  0%| F|  |TAMS 0x0000000745100000, 0x0000000745100000| Untracked 
|  32|0x0000000745200000, 0x0000000745200000, 0x0000000745300000|  0%| F|  |TAMS 0x0000000745200000, 0x0000000745200000| Untracked 
|  33|0x0000000745300000, 0x0000000745300000, 0x0000000745400000|  0%| F|  |TAMS 0x0000000745300000, 0x0000000745300000| Untracked 
|  34|0x0000000745400000, 0x0000000745400000, 0x0000000745500000|  0%| F|  |TAMS 0x0000000745400000, 0x0000000745400000| Untracked 
|  35|0x0000000745500000, 0x0000000745500000, 0x0000000745600000|  0%| F|  |TAMS 0x0000000745500000, 0x0000000745500000| Untracked 
|  36|0x0000000745600000, 0x0000000745600000, 0x0000000745700000|  0%| F|  |TAMS 0x0000000745600000, 0x0000000745600000| Untracked 
|  37|0x0000000745700000, 0x0000000745700000, 0x0000000745800000|  0%| F|  |TAMS 0x0000000745700000, 0x0000000745700000| Untracked 
|  38|0x0000000745800000, 0x0000000745800000, 0x0000000745900000|  0%| F|  |TAMS 0x0000000745800000, 0x0000000745800000| Untracked 
|  39|0x0000000745900000, 0x0000000745900000, 0x0000000745a00000|  0%| F|  |TAMS 0x0000000745900000, 0x0000000745900000| Untracked 
|  40|0x0000000745a00000, 0x0000000745a00000, 0x0000000745b00000|  0%| F|  |TAMS 0x0000000745a00000, 0x0000000745a00000| Untracked 
|  41|0x0000000745b00000, 0x0000000745b00000, 0x0000000745c00000|  0%| F|  |TAMS 0x0000000745b00000, 0x0000000745b00000| Untracked 
|  42|0x0000000745c00000, 0x0000000745c00000, 0x0000000745d00000|  0%| F|  |TAMS 0x0000000745c00000, 0x0000000745c00000| Untracked 
|  43|0x0000000745d00000, 0x0000000745d00000, 0x0000000745e00000|  0%| F|  |TAMS 0x0000000745d00000, 0x0000000745d00000| Untracked 
|  44|0x0000000745e00000, 0x0000000745e00000, 0x0000000745f00000|  0%| F|  |TAMS 0x0000000745e00000, 0x0000000745e00000| Untracked 
|  45|0x0000000745f00000, 0x0000000745f00000, 0x0000000746000000|  0%| F|  |TAMS 0x0000000745f00000, 0x0000000745f00000| Untracked 
|  46|0x0000000746000000, 0x0000000746000000, 0x0000000746100000|  0%| F|  |TAMS 0x0000000746000000, 0x0000000746000000| Untracked 
|  47|0x0000000746100000, 0x0000000746100000, 0x0000000746200000|  0%| F|  |TAMS 0x0000000746100000, 0x0000000746100000| Untracked 
|  48|0x0000000746200000, 0x0000000746200000, 0x0000000746300000|  0%| F|  |TAMS 0x0000000746200000, 0x0000000746200000| Untracked 
|  49|0x0000000746300000, 0x0000000746300000, 0x0000000746400000|  0%| F|  |TAMS 0x0000000746300000, 0x0000000746300000| Untracked 
|  50|0x0000000746400000, 0x0000000746400000, 0x0000000746500000|  0%| F|  |TAMS 0x0000000746400000, 0x0000000746400000| Untracked 
|  51|0x0000000746500000, 0x0000000746500000, 0x0000000746600000|  0%| F|  |TAMS 0x0000000746500000, 0x0000000746500000| Untracked 
|  52|0x0000000746600000, 0x0000000746600000, 0x0000000746700000|  0%| F|  |TAMS 0x0000000746600000, 0x0000000746600000| Untracked 
|  53|0x0000000746700000, 0x0000000746700000, 0x0000000746800000|  0%| F|  |TAMS 0x0000000746700000, 0x0000000746700000| Untracked 
|  54|0x0000000746800000, 0x0000000746800000, 0x0000000746900000|  0%| F|  |TAMS 0x0000000746800000, 0x0000000746800000| Untracked 
|  55|0x0000000746900000, 0x0000000746900000, 0x0000000746a00000|  0%| F|  |TAMS 0x0000000746900000, 0x0000000746900000| Untracked 
|  56|0x0000000746a00000, 0x0000000746a00000, 0x0000000746b00000|  0%| F|  |TAMS 0x0000000746a00000, 0x0000000746a00000| Untracked 
|  57|0x0000000746b00000, 0x0000000746b00000, 0x0000000746c00000|  0%| F|  |TAMS 0x0000000746b00000, 0x0000000746b00000| Untracked 
|  58|0x0000000746c00000, 0x0000000746c00000, 0x0000000746d00000|  0%| F|  |TAMS 0x0000000746c00000, 0x0000000746c00000| Untracked 
|  59|0x0000000746d00000, 0x0000000746d00000, 0x0000000746e00000|  0%| F|  |TAMS 0x0000000746d00000, 0x0000000746d00000| Untracked 
|  60|0x0000000746e00000, 0x0000000746e00000, 0x0000000746f00000|  0%| F|  |TAMS 0x0000000746e00000, 0x0000000746e00000| Untracked 
|  61|0x0000000746f00000, 0x0000000746f00000, 0x0000000747000000|  0%| F|  |TAMS 0x0000000746f00000, 0x0000000746f00000| Untracked 
|  62|0x0000000747000000, 0x0000000747000000, 0x0000000747100000|  0%| F|  |TAMS 0x0000000747000000, 0x0000000747000000| Untracked 
|  63|0x0000000747100000, 0x0000000747100000, 0x0000000747200000|  0%| F|  |TAMS 0x0000000747100000, 0x0000000747100000| Untracked 
|  64|0x0000000747200000, 0x0000000747200000, 0x0000000747300000|  0%| F|  |TAMS 0x0000000747200000, 0x0000000747200000| Untracked 
|  65|0x0000000747300000, 0x0000000747300000, 0x0000000747400000|  0%| F|  |TAMS 0x0000000747300000, 0x0000000747300000| Untracked 
|  66|0x0000000747400000, 0x0000000747400000, 0x0000000747500000|  0%| F|  |TAMS 0x0000000747400000, 0x0000000747400000| Untracked 
|  67|0x0000000747500000, 0x0000000747500000, 0x0000000747600000|  0%| F|  |TAMS 0x0000000747500000, 0x0000000747500000| Untracked 
|  68|0x0000000747600000, 0x0000000747600000, 0x0000000747700000|  0%| F|  |TAMS 0x0000000747600000, 0x0000000747600000| Untracked 
|  69|0x0000000747700000, 0x0000000747700000, 0x0000000747800000|  0%| F|  |TAMS 0x0000000747700000, 0x0000000747700000| Untracked 
|  70|0x0000000747800000, 0x0000000747800000, 0x0000000747900000|  0%| F|  |TAMS 0x0000000747800000, 0x0000000747800000| Untracked 
|  71|0x0000000747900000, 0x0000000747900000, 0x0000000747a00000|  0%| F|  |TAMS 0x0000000747900000, 0x0000000747900000| Untracked 
|  72|0x0000000747a00000, 0x0000000747a00000, 0x0000000747b00000|  0%| F|  |TAMS 0x0000000747a00000, 0x0000000747a00000| Untracked 
|  73|0x0000000747b00000, 0x0000000747b00000, 0x0000000747c00000|  0%| F|  |TAMS 0x0000000747b00000, 0x0000000747b00000| Untracked 
|  74|0x0000000747c00000, 0x0000000747c00000, 0x0000000747d00000|  0%| F|  |TAMS 0x0000000747c00000, 0x0000000747c00000| Untracked 
|  75|0x0000000747d00000, 0x0000000747d00000, 0x0000000747e00000|  0%| F|  |TAMS 0x0000000747d00000, 0x0000000747d00000| Untracked 
|  76|0x0000000747e00000, 0x0000000747e00000, 0x0000000747f00000|  0%| F|  |TAMS 0x0000000747e00000, 0x0000000747e00000| Untracked 
|  77|0x0000000747f00000, 0x0000000747f00000, 0x0000000748000000|  0%| F|  |TAMS 0x0000000747f00000, 0x0000000747f00000| Untracked 
|  78|0x0000000748000000, 0x0000000748000000, 0x0000000748100000|  0%| F|  |TAMS 0x0000000748000000, 0x0000000748000000| Untracked 
|  79|0x0000000748100000, 0x0000000748100000, 0x0000000748200000|  0%| F|  |TAMS 0x0000000748100000, 0x0000000748100000| Untracked 
|  80|0x0000000748200000, 0x0000000748200000, 0x0000000748300000|  0%| F|  |TAMS 0x0000000748200000, 0x0000000748200000| Untracked 
|  81|0x0000000748300000, 0x0000000748300000, 0x0000000748400000|  0%| F|  |TAMS 0x0000000748300000, 0x0000000748300000| Untracked 
|  82|0x0000000748400000, 0x0000000748400000, 0x0000000748500000|  0%| F|  |TAMS 0x0000000748400000, 0x0000000748400000| Untracked 
|  83|0x0000000748500000, 0x0000000748500000, 0x0000000748600000|  0%| F|  |TAMS 0x0000000748500000, 0x0000000748500000| Untracked 
|  84|0x0000000748600000, 0x0000000748600000, 0x0000000748700000|  0%| F|  |TAMS 0x0000000748600000, 0x0000000748600000| Untracked 
|  85|0x0000000748700000, 0x0000000748700000, 0x0000000748800000|  0%| F|  |TAMS 0x0000000748700000, 0x0000000748700000| Untracked 
|  86|0x0000000748800000, 0x0000000748800000, 0x0000000748900000|  0%| F|  |TAMS 0x0000000748800000, 0x0000000748800000| Untracked 
|  87|0x0000000748900000, 0x0000000748900000, 0x0000000748a00000|  0%| F|  |TAMS 0x0000000748900000, 0x0000000748900000| Untracked 
|  88|0x0000000748a00000, 0x0000000748a00000, 0x0000000748b00000|  0%| F|  |TAMS 0x0000000748a00000, 0x0000000748a00000| Untracked 
|  89|0x0000000748b00000, 0x0000000748b00000, 0x0000000748c00000|  0%| F|  |TAMS 0x0000000748b00000, 0x0000000748b00000| Untracked 
|  90|0x0000000748c00000, 0x0000000748c00000, 0x0000000748d00000|  0%| F|  |TAMS 0x0000000748c00000, 0x0000000748c00000| Untracked 
|  91|0x0000000748d00000, 0x0000000748d00000, 0x0000000748e00000|  0%| F|  |TAMS 0x0000000748d00000, 0x0000000748d00000| Untracked 
|  92|0x0000000748e00000, 0x0000000748e00000, 0x0000000748f00000|  0%| F|  |TAMS 0x0000000748e00000, 0x0000000748e00000| Untracked 
|  93|0x0000000748f00000, 0x0000000748f00000, 0x0000000749000000|  0%| F|  |TAMS 0x0000000748f00000, 0x0000000748f00000| Untracked 
|  94|0x0000000749000000, 0x0000000749000000, 0x0000000749100000|  0%| F|  |TAMS 0x0000000749000000, 0x0000000749000000| Untracked 
|  95|0x0000000749100000, 0x0000000749100000, 0x0000000749200000|  0%| F|  |TAMS 0x0000000749100000, 0x0000000749100000| Untracked 
|  96|0x0000000749200000, 0x0000000749200000, 0x0000000749300000|  0%| F|  |TAMS 0x0000000749200000, 0x0000000749200000| Untracked 
|  97|0x0000000749300000, 0x0000000749300000, 0x0000000749400000|  0%| F|  |TAMS 0x0000000749300000, 0x0000000749300000| Untracked 
|  98|0x0000000749400000, 0x0000000749400000, 0x0000000749500000|  0%| F|  |TAMS 0x0000000749400000, 0x0000000749400000| Untracked 
|  99|0x0000000749500000, 0x0000000749500000, 0x0000000749600000|  0%| F|  |TAMS 0x0000000749500000, 0x0000000749500000| Untracked 
| 100|0x0000000749600000, 0x0000000749600000, 0x0000000749700000|  0%| F|  |TAMS 0x0000000749600000, 0x0000000749600000| Untracked 
| 101|0x0000000749700000, 0x0000000749700000, 0x0000000749800000|  0%| F|  |TAMS 0x0000000749700000, 0x0000000749700000| Untracked 
| 102|0x0000000749800000, 0x0000000749800000, 0x0000000749900000|  0%| F|  |TAMS 0x0000000749800000, 0x0000000749800000| Untracked 
| 103|0x0000000749900000, 0x0000000749900000, 0x0000000749a00000|  0%| F|  |TAMS 0x0000000749900000, 0x0000000749900000| Untracked 
| 104|0x0000000749a00000, 0x0000000749a00000, 0x0000000749b00000|  0%| F|  |TAMS 0x0000000749a00000, 0x0000000749a00000| Untracked 
| 105|0x0000000749b00000, 0x0000000749b00000, 0x0000000749c00000|  0%| F|  |TAMS 0x0000000749b00000, 0x0000000749b00000| Untracked 
| 106|0x0000000749c00000, 0x0000000749c00000, 0x0000000749d00000|  0%| F|  |TAMS 0x0000000749c00000, 0x0000000749c00000| Untracked 
| 107|0x0000000749d00000, 0x0000000749d00000, 0x0000000749e00000|  0%| F|  |TAMS 0x0000000749d00000, 0x0000000749d00000| Untracked 
| 108|0x0000000749e00000, 0x0000000749e00000, 0x0000000749f00000|  0%| F|  |TAMS 0x0000000749e00000, 0x0000000749e00000| Untracked 
| 109|0x0000000749f00000, 0x0000000749f00000, 0x000000074a000000|  0%| F|  |TAMS 0x0000000749f00000, 0x0000000749f00000| Untracked 
| 110|0x000000074a000000, 0x000000074a000000, 0x000000074a100000|  0%| F|  |TAMS 0x000000074a000000, 0x000000074a000000| Untracked 
| 111|0x000000074a100000, 0x000000074a100000, 0x000000074a200000|  0%| F|  |TAMS 0x000000074a100000, 0x000000074a100000| Untracked 
| 112|0x000000074a200000, 0x000000074a200000, 0x000000074a300000|  0%| F|  |TAMS 0x000000074a200000, 0x000000074a200000| Untracked 
| 113|0x000000074a300000, 0x000000074a300000, 0x000000074a400000|  0%| F|  |TAMS 0x000000074a300000, 0x000000074a300000| Untracked 
| 114|0x000000074a400000, 0x000000074a400000, 0x000000074a500000|  0%| F|  |TAMS 0x000000074a400000, 0x000000074a400000| Untracked 
| 115|0x000000074a500000, 0x000000074a500000, 0x000000074a600000|  0%| F|  |TAMS 0x000000074a500000, 0x000000074a500000| Untracked 
| 116|0x000000074a600000, 0x000000074a600000, 0x000000074a700000|  0%| F|  |TAMS 0x000000074a600000, 0x000000074a600000| Untracked 
| 117|0x000000074a700000, 0x000000074a700000, 0x000000074a800000|  0%| F|  |TAMS 0x000000074a700000, 0x000000074a700000| Untracked 
| 118|0x000000074a800000, 0x000000074a800000, 0x000000074a900000|  0%| F|  |TAMS 0x000000074a800000, 0x000000074a800000| Untracked 
| 119|0x000000074a900000, 0x000000074a900000, 0x000000074aa00000|  0%| F|  |TAMS 0x000000074a900000, 0x000000074a900000| Untracked 
| 120|0x000000074aa00000, 0x000000074aa00000, 0x000000074ab00000|  0%| F|  |TAMS 0x000000074aa00000, 0x000000074aa00000| Untracked 
| 121|0x000000074ab00000, 0x000000074ab00000, 0x000000074ac00000|  0%| F|  |TAMS 0x000000074ab00000, 0x000000074ab00000| Untracked 
| 122|0x000000074ac00000, 0x000000074ac00000, 0x000000074ad00000|  0%| F|  |TAMS 0x000000074ac00000, 0x000000074ac00000| Untracked 
| 123|0x000000074ad00000, 0x000000074ad00000, 0x000000074ae00000|  0%| F|  |TAMS 0x000000074ad00000, 0x000000074ad00000| Untracked 
| 124|0x000000074ae00000, 0x000000074ae00000, 0x000000074af00000|  0%| F|  |TAMS 0x000000074ae00000, 0x000000074ae00000| Untracked 
| 125|0x000000074af00000, 0x000000074af00000, 0x000000074b000000|  0%| F|  |TAMS 0x000000074af00000, 0x000000074af00000| Untracked 
| 126|0x000000074b000000, 0x000000074b000000, 0x000000074b100000|  0%| F|  |TAMS 0x000000074b000000, 0x000000074b000000| Untracked 
| 127|0x000000074b100000, 0x000000074b100000, 0x000000074b200000|  0%| F|  |TAMS 0x000000074b100000, 0x000000074b100000| Untracked 
| 128|0x000000074b200000, 0x000000074b300000, 0x000000074b300000|100%| E|  |TAMS 0x000000074b200000, 0x000000074b200000| Complete 
| 129|0x000000074b300000, 0x000000074b400000, 0x000000074b400000|100%| E|CS|TAMS 0x000000074b300000, 0x000000074b300000| Complete 
| 130|0x000000074b400000, 0x000000074b500000, 0x000000074b500000|100%| E|CS|TAMS 0x000000074b400000, 0x000000074b400000| Complete 
| 131|0x000000074b500000, 0x000000074b600000, 0x000000074b600000|100%| E|CS|TAMS 0x000000074b500000, 0x000000074b500000| Complete 
| 132|0x000000074b600000, 0x000000074b700000, 0x000000074b700000|100%| E|CS|TAMS 0x000000074b600000, 0x000000074b600000| Complete 
| 133|0x000000074b700000, 0x000000074b800000, 0x000000074b800000|100%| E|CS|TAMS 0x000000074b700000, 0x000000074b700000| Complete 
| 134|0x000000074b800000, 0x000000074b900000, 0x000000074b900000|100%| E|CS|TAMS 0x000000074b800000, 0x000000074b800000| Complete 
| 135|0x000000074b900000, 0x000000074ba00000, 0x000000074ba00000|100%| E|CS|TAMS 0x000000074b900000, 0x000000074b900000| Complete 
| 136|0x000000074ba00000, 0x000000074bb00000, 0x000000074bb00000|100%| E|CS|TAMS 0x000000074ba00000, 0x000000074ba00000| Complete 
| 137|0x000000074bb00000, 0x000000074bc00000, 0x000000074bc00000|100%| E|CS|TAMS 0x000000074bb00000, 0x000000074bb00000| Complete 
| 138|0x000000074bc00000, 0x000000074bd00000, 0x000000074bd00000|100%| E|CS|TAMS 0x000000074bc00000, 0x000000074bc00000| Complete 
| 139|0x000000074bd00000, 0x000000074be00000, 0x000000074be00000|100%| E|CS|TAMS 0x000000074bd00000, 0x000000074bd00000| Complete 
| 140|0x000000074be00000, 0x000000074bf00000, 0x000000074bf00000|100%| E|CS|TAMS 0x000000074be00000, 0x000000074be00000| Complete 
| 141|0x000000074bf00000, 0x000000074c000000, 0x000000074c000000|100%| E|CS|TAMS 0x000000074bf00000, 0x000000074bf00000| Complete 
| 142|0x000000074c000000, 0x000000074c100000, 0x000000074c100000|100%| E|CS|TAMS 0x000000074c000000, 0x000000074c000000| Complete 
| 143|0x000000074c100000, 0x000000074c200000, 0x000000074c200000|100%| E|CS|TAMS 0x000000074c100000, 0x000000074c100000| Complete 
| 144|0x000000074c200000, 0x000000074c300000, 0x000000074c300000|100%| E|CS|TAMS 0x000000074c200000, 0x000000074c200000| Complete 
| 145|0x000000074c300000, 0x000000074c400000, 0x000000074c400000|100%| E|CS|TAMS 0x000000074c300000, 0x000000074c300000| Complete 
| 146|0x000000074c400000, 0x000000074c500000, 0x000000074c500000|100%| E|CS|TAMS 0x000000074c400000, 0x000000074c400000| Complete 
| 147|0x000000074c500000, 0x000000074c600000, 0x000000074c600000|100%| E|CS|TAMS 0x000000074c500000, 0x000000074c500000| Complete 
| 148|0x000000074c600000, 0x000000074c700000, 0x000000074c700000|100%| E|CS|TAMS 0x000000074c600000, 0x000000074c600000| Complete 
| 149|0x000000074c700000, 0x000000074c800000, 0x000000074c800000|100%| E|CS|TAMS 0x000000074c700000, 0x000000074c700000| Complete 
| 150|0x000000074c800000, 0x000000074c900000, 0x000000074c900000|100%| E|CS|TAMS 0x000000074c800000, 0x000000074c800000| Complete 
| 151|0x000000074c900000, 0x000000074ca00000, 0x000000074ca00000|100%| E|CS|TAMS 0x000000074c900000, 0x000000074c900000| Complete 
| 152|0x000000074ca00000, 0x000000074cb00000, 0x000000074cb00000|100%| E|CS|TAMS 0x000000074ca00000, 0x000000074ca00000| Complete 
| 153|0x000000074cb00000, 0x000000074cc00000, 0x000000074cc00000|100%| E|CS|TAMS 0x000000074cb00000, 0x000000074cb00000| Complete 
| 154|0x000000074cc00000, 0x000000074cd00000, 0x000000074cd00000|100%| E|CS|TAMS 0x000000074cc00000, 0x000000074cc00000| Complete 
| 155|0x000000074cd00000, 0x000000074ce00000, 0x000000074ce00000|100%| E|CS|TAMS 0x000000074cd00000, 0x000000074cd00000| Complete 
| 156|0x000000074ce00000, 0x000000074cf00000, 0x000000074cf00000|100%| E|CS|TAMS 0x000000074ce00000, 0x000000074ce00000| Complete 
| 157|0x000000074cf00000, 0x000000074d000000, 0x000000074d000000|100%| E|CS|TAMS 0x000000074cf00000, 0x000000074cf00000| Complete 
| 158|0x000000074d000000, 0x000000074d100000, 0x000000074d100000|100%| E|CS|TAMS 0x000000074d000000, 0x000000074d000000| Complete 
| 159|0x000000074d100000, 0x000000074d200000, 0x000000074d200000|100%| E|CS|TAMS 0x000000074d100000, 0x000000074d100000| Complete 
| 160|0x000000074d200000, 0x000000074d300000, 0x000000074d300000|100%| E|CS|TAMS 0x000000074d200000, 0x000000074d200000| Complete 
| 161|0x000000074d300000, 0x000000074d400000, 0x000000074d400000|100%| E|CS|TAMS 0x000000074d300000, 0x000000074d300000| Complete 
| 162|0x000000074d400000, 0x000000074d500000, 0x000000074d500000|100%| E|CS|TAMS 0x000000074d400000, 0x000000074d400000| Complete 
| 163|0x000000074d500000, 0x000000074d600000, 0x000000074d600000|100%| S|CS|TAMS 0x000000074d500000, 0x000000074d500000| Complete 
| 164|0x000000074d600000, 0x000000074d700000, 0x000000074d700000|100%| S|CS|TAMS 0x000000074d600000, 0x000000074d600000| Complete 
| 165|0x000000074d700000, 0x000000074d800000, 0x000000074d800000|100%| S|CS|TAMS 0x000000074d700000, 0x000000074d700000| Complete 
| 166|0x000000074d800000, 0x000000074d900000, 0x000000074d900000|100%| E|CS|TAMS 0x000000074d800000, 0x000000074d800000| Complete 
| 167|0x000000074d900000, 0x000000074da00000, 0x000000074da00000|100%| E|CS|TAMS 0x000000074d900000, 0x000000074d900000| Complete 
| 168|0x000000074da00000, 0x000000074db00000, 0x000000074db00000|100%| E|CS|TAMS 0x000000074da00000, 0x000000074da00000| Complete 
| 169|0x000000074db00000, 0x000000074dc00000, 0x000000074dc00000|100%| E|CS|TAMS 0x000000074db00000, 0x000000074db00000| Complete 
| 170|0x000000074dc00000, 0x000000074dd00000, 0x000000074dd00000|100%| E|CS|TAMS 0x000000074dc00000, 0x000000074dc00000| Complete 
| 171|0x000000074dd00000, 0x000000074de00000, 0x000000074de00000|100%| E|CS|TAMS 0x000000074dd00000, 0x000000074dd00000| Complete 
| 172|0x000000074de00000, 0x000000074df00000, 0x000000074df00000|100%| E|CS|TAMS 0x000000074de00000, 0x000000074de00000| Complete 
| 173|0x000000074df00000, 0x000000074e000000, 0x000000074e000000|100%| E|CS|TAMS 0x000000074df00000, 0x000000074df00000| Complete 
| 174|0x000000074e000000, 0x000000074e100000, 0x000000074e100000|100%| E|CS|TAMS 0x000000074e000000, 0x000000074e000000| Complete 
| 175|0x000000074e100000, 0x000000074e200000, 0x000000074e200000|100%| E|CS|TAMS 0x000000074e100000, 0x000000074e100000| Complete 
| 176|0x000000074e200000, 0x000000074e300000, 0x000000074e300000|100%| E|CS|TAMS 0x000000074e200000, 0x000000074e200000| Complete 
| 177|0x000000074e300000, 0x000000074e400000, 0x000000074e400000|100%| E|CS|TAMS 0x000000074e300000, 0x000000074e300000| Complete 
| 178|0x000000074e400000, 0x000000074e500000, 0x000000074e500000|100%| E|CS|TAMS 0x000000074e400000, 0x000000074e400000| Complete 
| 179|0x000000074e500000, 0x000000074e600000, 0x000000074e600000|100%| E|CS|TAMS 0x000000074e500000, 0x000000074e500000| Complete 
| 180|0x000000074e600000, 0x000000074e700000, 0x000000074e700000|100%| E|CS|TAMS 0x000000074e600000, 0x000000074e600000| Complete 
| 181|0x000000074e700000, 0x000000074e800000, 0x000000074e800000|100%| E|CS|TAMS 0x000000074e700000, 0x000000074e700000| Complete 
| 182|0x000000074e800000, 0x000000074e900000, 0x000000074e900000|100%| E|CS|TAMS 0x000000074e800000, 0x000000074e800000| Complete 
| 183|0x000000074e900000, 0x000000074ea00000, 0x000000074ea00000|100%| E|CS|TAMS 0x000000074e900000, 0x000000074e900000| Complete 
| 184|0x000000074ea00000, 0x000000074eb00000, 0x000000074eb00000|100%| E|CS|TAMS 0x000000074ea00000, 0x000000074ea00000| Complete 
| 185|0x000000074eb00000, 0x000000074ec00000, 0x000000074ec00000|100%| E|CS|TAMS 0x000000074eb00000, 0x000000074eb00000| Complete 
| 186|0x000000074ec00000, 0x000000074ed00000, 0x000000074ed00000|100%| E|CS|TAMS 0x000000074ec00000, 0x000000074ec00000| Complete 
| 187|0x000000074ed00000, 0x000000074ee00000, 0x000000074ee00000|100%| E|CS|TAMS 0x000000074ed00000, 0x000000074ed00000| Complete 
| 188|0x000000074ee00000, 0x000000074ef00000, 0x000000074ef00000|100%| E|CS|TAMS 0x000000074ee00000, 0x000000074ee00000| Complete 
| 189|0x000000074ef00000, 0x000000074f000000, 0x000000074f000000|100%| E|CS|TAMS 0x000000074ef00000, 0x000000074ef00000| Complete 

Card table byte_map: [0x000002ade1a20000,0x000002ade2010000] _byte_map_base: 0x000002adde007000

Marking Bits (Prev, Next): (CMBitMap*) 0x000002adc9d496e8, (CMBitMap*) 0x000002adc9d49720
 Prev Bits: [0x000002ade2600000, 0x000002ade5538000)
 Next Bits: [0x000002ade5540000, 0x000002ade8478000)

Polling page: 0x000002adc8de0000

Metaspace:

Usage:
  Non-class:     18.37 MB capacity,    18.08 MB ( 98%) used,   264.70 KB (  1%) free+waste,    23.19 KB ( <1%) overhead. 
      Class:      2.26 MB capacity,     2.16 MB ( 96%) used,    93.76 KB (  4%) free+waste,     9.25 KB ( <1%) overhead. 
       Both:     20.63 MB capacity,    20.25 MB ( 98%) used,   358.46 KB (  2%) free+waste,    32.44 KB ( <1%) overhead. 

Virtual space:
  Non-class space:       20.00 MB reserved,      18.42 MB ( 92%) committed 
      Class space:        1.00 GB reserved,       2.38 MB ( <1%) committed 
             Both:        1.02 GB reserved,      20.80 MB (  2%) committed 

Chunk freelists:
   Non-Class:  1.25 KB
       Class:  2.13 KB
        Both:  3.38 KB

CodeHeap 'non-profiled nmethods': size=120000Kb used=1112Kb max_used=1112Kb free=118887Kb
 bounds [0x000002add9bd0000, 0x000002add9e40000, 0x000002ade1100000]
CodeHeap 'profiled nmethods': size=120000Kb used=5072Kb max_used=5072Kb free=114927Kb
 bounds [0x000002add26a0000, 0x000002add2ba0000, 0x000002add9bd0000]
CodeHeap 'non-nmethods': size=5760Kb used=1128Kb max_used=1158Kb free=4631Kb
 bounds [0x000002add2100000, 0x000002add2370000, 0x000002add26a0000]
 total_blobs=2874 nmethods=2449 adapters=336
 compilation: enabled
              stopped_count=0, restarted_count=0
 full_count=0

Compilation events (10 events):
Event: 2.980 Thread 0x000002adeb7c9800 nmethod 2220 0x000002add2b2e110 code [0x000002add2b2e320, 0x000002add2b2eae8]
Event: 2.980 Thread 0x000002adeb7c9800 2221       3       org.eclipse.sisu.inject.RankedBindings::iterator (9 bytes)
Event: 2.980 Thread 0x000002adeb7c9800 nmethod 2221 0x000002add2b2ed90 code [0x000002add2b2ef60, 0x000002add2b2f478]
Event: 2.980 Thread 0x000002adeb7c9800 2222       3       org.eclipse.sisu.inject.RankedBindings$Itr::<init> (21 bytes)
Event: 2.980 Thread 0x000002adeb7c9800 nmethod 2222 0x000002add2b2f610 code [0x000002add2b2f7e0, 0x000002add2b2fc18]
Event: 2.980 Thread 0x000002adeb7c9800 2223   !   3       org.eclipse.sisu.inject.BeanCache::flush (53 bytes)
Event: 2.980 Thread 0x000002adeb7c9800 nmethod 2223 0x000002add2b2fd90 code [0x000002add2b2ff60, 0x000002add2b30588]
Event: 2.980 Thread 0x000002adeb7c9800 2224       1       java.util.Formatter$Flags::valueOf (5 bytes)
Event: 2.980 Thread 0x000002adeb7c9800 nmethod 2224 0x000002add9cbf510 code [0x000002add9cbf6a0, 0x000002add9cbf758]
Event: 2.992 Thread 0x000002adeb7c9800 2225   !   3       org.codehaus.plexus.util.xml.pull.MXParser::parseComment (486 bytes)

GC Heap History (2 events):
Event: 1.518 GC heap before
{Heap before GC invocations=0 (full 0):
 garbage-first heap   total 194560K, used 23552K [0x0000000743200000, 0x0000000800000000)
  region size 1024K, 24 young (24576K), 0 survivors (0K)
 Metaspace       used 12499K, capacity 12661K, committed 12928K, reserved 1060864K
  class space    used 1261K, capacity 1348K, committed 1408K, reserved 1048576K
}
Event: 1.524 GC heap after
{Heap after GC invocations=1 (full 0):
 garbage-first heap   total 194560K, used 3472K [0x0000000743200000, 0x0000000800000000)
  region size 1024K, 3 young (3072K), 3 survivors (3072K)
 Metaspace       used 12499K, capacity 12661K, committed 12928K, reserved 1060864K
  class space    used 1261K, capacity 1348K, committed 1408K, reserved 1048576K
}

Deoptimization events (10 events):
Event: 2.334 Thread 0x000002adc9cf8000 Uncommon trap: reason=unstable_if action=reinterpret pc=0x000002add9c40a24 method=java.lang.String.indexOf([BBILjava/lang/String;I)I @ 21 c2
Event: 2.338 Thread 0x000002adc9cf8000 Uncommon trap: reason=unstable_if action=reinterpret pc=0x000002add9c68ab4 method=java.lang.String.substring(I)Ljava/lang/String; @ 34 c2
Event: 2.833 Thread 0x000002adc9cf8000 Uncommon trap: reason=unstable_if action=reinterpret pc=0x000002add9c20830 method=sun.nio.cs.UTF_8$Decoder.decodeArrayLoop(Ljava/nio/ByteBuffer;Ljava/nio/CharBuffer;)Ljava/nio/charset/CoderResult; @ 84 c2
Event: 2.882 Thread 0x000002adc9cf8000 Uncommon trap: reason=unloaded action=reinterpret pc=0x000002add9c0af24 method=java.util.jar.JarFile.checkForSpecialAttributes()V @ 99 c2
Event: 2.883 Thread 0x000002adc9cf8000 Uncommon trap: reason=unstable_if action=reinterpret pc=0x000002add9ca7c40 method=org.codehaus.plexus.util.xml.pull.MXParser.nextImpl()I @ 1161 c2
Event: 2.904 Thread 0x000002adc9cf8000 Uncommon trap: reason=unstable_if action=reinterpret pc=0x000002add9c507c8 method=java.util.HashMap.hash(Ljava/lang/Object;)I @ 1 c2
Event: 2.904 Thread 0x000002adc9cf8000 Uncommon trap: reason=unstable_if action=reinterpret pc=0x000002add9c63c4c method=java.util.HashMap.hash(Ljava/lang/Object;)I @ 1 c2
Event: 2.904 Thread 0x000002adc9cf8000 Uncommon trap: reason=unstable_if action=reinterpret pc=0x000002add9c5d438 method=java.util.HashMap.hash(Ljava/lang/Object;)I @ 1 c2
Event: 2.956 Thread 0x000002adc9cf8000 Uncommon trap: reason=unstable_if action=reinterpret pc=0x000002add9cbbe78 method=org.codehaus.plexus.util.xml.pull.MXParser.nextImpl()I @ 972 c2
Event: 2.956 Thread 0x000002adc9cf8000 Uncommon trap: reason=unstable_if action=reinterpret pc=0x000002add9cb7b28 method=java.lang.StringLatin1.trim([B)Ljava/lang/String; @ 60 c2

Classes redefined (0 events):
No events

Internal exceptions (8 events):
Event: 0.917 Thread 0x000002adc9cf8000 Exception <a 'java/lang/NoSuchMethodError'{0x000000074ec5a750}: java.lang.invoke.DirectMethodHandle$Holder.invokeSpecialIFC(Ljava/lang/Object;Ljava/lang/Object;I)I> (0x000000074ec5a750) thrown at [./open/src/hotspot/share/interpreter/linkResolver.cpp, lin
Event: 2.115 Thread 0x000002adc9cf8000 Exception <a 'java/lang/NoClassDefFoundError'{0x000000074c8d80f0}: com/google/inject/servlet/ServletModuleTargetVisitor> (0x000000074c8d80f0) thrown at [./open/src/hotspot/share/classfile/systemDictionary.cpp, line 217]
Event: 2.115 Thread 0x000002adc9cf8000 Exception <a 'java/lang/NoClassDefFoundError'{0x000000074c8d80f0}> (0x000000074c8d80f0) thrown at [./open/src/hotspot/share/prims/jvm.cpp, line 1309]
Event: 2.115 Thread 0x000002adc9cf8000 Exception <a 'java/lang/NoClassDefFoundError'{0x000000074c8db368}: javax/annotation/Priority> (0x000000074c8db368) thrown at [./open/src/hotspot/share/classfile/systemDictionary.cpp, line 217]
Event: 2.175 Thread 0x000002adc9cf8000 Exception <a 'java/lang/NoSuchMethodError'{0x000000074c542ee0}: java.lang.invoke.DirectMethodHandle$Holder.invokeStaticInit(Ljava/lang/Object;IIII)Ljava/lang/Object;> (0x000000074c542ee0) thrown at [./open/src/hotspot/share/interpreter/linkResolver.cpp, l
Event: 2.904 Thread 0x000002adc9cf8000 Implicit null exception at 0x000002add9c500bb to 0x000002add9c507ac
Event: 2.904 Thread 0x000002adc9cf8000 Implicit null exception at 0x000002add9c63a55 to 0x000002add9c63c3c
Event: 2.904 Thread 0x000002adc9cf8000 Implicit null exception at 0x000002add9c5d3af to 0x000002add9c5d429

Events (10 events):
Event: 2.957 loading class org/apache/maven/model/Exclusion
Event: 2.957 loading class org/apache/maven/model/Exclusion done
Event: 2.972 Thread 0x000002adc9cf8000 DEOPT PACKING pc=0x000002add2af1247 sp=0x000000b4feafca80
Event: 2.972 Thread 0x000002adc9cf8000 DEOPT UNPACKING pc=0x000002add212915e sp=0x000000b4feafc008 mode 0
Event: 2.973 Thread 0x000002adc9cf8000 DEOPT PACKING pc=0x000002add2af1247 sp=0x000000b4feafc910
Event: 2.973 Thread 0x000002adc9cf8000 DEOPT UNPACKING pc=0x000002add212915e sp=0x000000b4feafbe98 mode 0
Event: 2.973 loading class org/apache/maven/model/Notifier
Event: 2.973 loading class org/apache/maven/model/Notifier done
Event: 2.974 Thread 0x000002adc9cf8000 DEOPT PACKING pc=0x000002add2af1247 sp=0x000000b4feafc730
Event: 2.974 Thread 0x000002adc9cf8000 DEOPT UNPACKING pc=0x000002add212915e sp=0x000000b4feafbcb8 mode 0


Dynamic libraries:
0x00007ff623590000 - 0x00007ff62359f000 	C:\Program Files\Java\jdk-11.0.10\bin\java.exe
0x00007ffd66b50000 - 0x00007ffd66d46000 	C:\Windows\SYSTEM32\ntdll.dll
0x00007ffd653e0000 - 0x00007ffd6549d000 	C:\Windows\System32\KERNEL32.DLL
0x00007ffd64420000 - 0x00007ffd646e9000 	C:\Windows\System32\KERNELBASE.dll
0x00007ffd648a0000 - 0x00007ffd649a0000 	C:\Windows\System32\ucrtbase.dll
0x00007ffd5db00000 - 0x00007ffd5db15000 	C:\Program Files\Java\jdk-11.0.10\bin\VCRUNTIME140.dll
0x00007ffd5db20000 - 0x00007ffd5db38000 	C:\Program Files\Java\jdk-11.0.10\bin\jli.dll
0x00007ffd64c80000 - 0x00007ffd64d2c000 	C:\Windows\System32\ADVAPI32.dll
0x00007ffd662d0000 - 0x00007ffd6636e000 	C:\Windows\System32\msvcrt.dll
0x00007ffd64bb0000 - 0x00007ffd64c4c000 	C:\Windows\System32\sechost.dll
0x00007ffd668d0000 - 0x00007ffd669fb000 	C:\Windows\System32\RPCRT4.dll
0x00007ffd654a0000 - 0x00007ffd65640000 	C:\Windows\System32\USER32.dll
0x00007ffd64790000 - 0x00007ffd647b2000 	C:\Windows\System32\win32u.dll
0x00007ffd65080000 - 0x00007ffd650aa000 	C:\Windows\System32\GDI32.dll
0x00007ffd64310000 - 0x00007ffd64419000 	C:\Windows\System32\gdi32full.dll
0x00007ffd646f0000 - 0x00007ffd6478d000 	C:\Windows\System32\msvcp_win.dll
0x00007ffd3ef90000 - 0x00007ffd3f22b000 	C:\Windows\WinSxS\amd64_microsoft.windows.common-controls_6595b64144ccf1df_6.0.19041.488_none_ca04af081b815d21\COMCTL32.dll
0x00007ffd5dfb0000 - 0x00007ffd5dfba000 	C:\Windows\SYSTEM32\VERSION.dll
0x00007ffd64c50000 - 0x00007ffd64c80000 	C:\Windows\System32\IMM32.DLL
0x00007ffd4dcc0000 - 0x00007ffd4dec2000 	C:\Windows\system32\tmumh\20019\AddOn\8.53.0.1080\TmUmEvt64.dll
0x00007ffd66810000 - 0x00007ffd66818000 	C:\Windows\System32\PSAPI.DLL
0x000000005b750000 - 0x000000005b8bf000 	C:\Windows\system32\tmumh\20019\TmMon\2.8.0.1051\tmmon64.dll
0x00007ffd5da60000 - 0x00007ffd5dafb000 	C:\Program Files\Java\jdk-11.0.10\bin\msvcp140.dll
0x00007ffcdad40000 - 0x00007ffcdb83b000 	C:\Program Files\Java\jdk-11.0.10\bin\server\jvm.dll
0x00007ffd43570000 - 0x00007ffd43579000 	C:\Windows\SYSTEM32\WSOCK32.dll
0x00007ffd66440000 - 0x00007ffd664ab000 	C:\Windows\System32\WS2_32.dll
0x00007ffd3c030000 - 0x00007ffd3c057000 	C:\Windows\SYSTEM32\WINMM.dll
0x00007ffd62da0000 - 0x00007ffd62db2000 	C:\Windows\SYSTEM32\kernel.appcore.dll
0x00007ffd5f710000 - 0x00007ffd5f720000 	C:\Program Files\Java\jdk-11.0.10\bin\verify.dll
0x00007ffd627b0000 - 0x00007ffd62994000 	C:\Windows\SYSTEM32\DBGHELP.DLL
0x00007ffd46400000 - 0x00007ffd4642c000 	C:\Windows\SYSTEM32\dbgcore.DLL
0x00007ffd64290000 - 0x00007ffd64310000 	C:\Windows\System32\bcryptPrimitives.dll
0x00007ffd5da30000 - 0x00007ffd5da58000 	C:\Program Files\Java\jdk-11.0.10\bin\java.dll
0x00007ffd5ef30000 - 0x00007ffd5ef3a000 	C:\Program Files\Java\jdk-11.0.10\bin\jimage.dll
0x00007ffd5da10000 - 0x00007ffd5da26000 	C:\Program Files\Java\jdk-11.0.10\bin\zip.dll
0x00007ffd65b80000 - 0x00007ffd662c2000 	C:\Windows\System32\SHELL32.dll
0x00007ffd61f50000 - 0x00007ffd626e5000 	C:\Windows\SYSTEM32\windows.storage.dll
0x00007ffd664b0000 - 0x00007ffd66806000 	C:\Windows\System32\combase.dll
0x00007ffd63b60000 - 0x00007ffd63b8c000 	C:\Windows\SYSTEM32\Wldp.dll
0x00007ffd66820000 - 0x00007ffd668ce000 	C:\Windows\System32\SHCORE.dll
0x00007ffd65b20000 - 0x00007ffd65b75000 	C:\Windows\System32\shlwapi.dll
0x00007ffd641c0000 - 0x00007ffd641e6000 	C:\Windows\SYSTEM32\profapi.dll
0x00007ffd5d9f0000 - 0x00007ffd5da09000 	C:\Program Files\Java\jdk-11.0.10\bin\net.dll
0x00007ffd5db60000 - 0x00007ffd5dc60000 	C:\Windows\SYSTEM32\WINHTTP.dll
0x00007ffd63950000 - 0x00007ffd639ba000 	C:\Windows\system32\mswsock.dll
0x00007ffd5d9d0000 - 0x00007ffd5d9e2000 	C:\Program Files\Java\jdk-11.0.10\bin\nio.dll
0x00007ffd5fbb0000 - 0x00007ffd5fbba000 	C:\Program Files\NetBeans-12.3\netbeans\java\maven\lib\jansi-native\windows64\jansi.dll

dbghelp: loaded successfully - version: 4.0.5 - missing functions: none
symbol engine: initialized successfully - sym options: 0x614 - pdb path: .;C:\Program Files\Java\jdk-11.0.10\bin;C:\Windows\SYSTEM32;C:\Windows\WinSxS\amd64_microsoft.windows.common-controls_6595b64144ccf1df_6.0.19041.488_none_ca04af081b815d21;C:\Windows\system32\tmumh\20019\AddOn\8.53.0.1080;C:\Windows\system32\tmumh\20019\TmMon\2.8.0.1051;C:\Program Files\Java\jdk-11.0.10\bin\server;C:\Program Files\NetBeans-12.3\netbeans\java\maven\lib\jansi-native\windows64

VM Arguments:
jvm_args: -Dclassworlds.conf=C:\Program Files\NetBeans-12.3\netbeans\java\maven\bin\..\bin\m2.conf -Dmaven.home=C:\Program Files\NetBeans-12.3\netbeans\java\maven\bin\.. -Dlibrary.jansi.path=C:\Program Files\NetBeans-12.3\netbeans\java\maven\bin\..\lib\jansi-native -Dmaven.multiModuleProjectDirectory=C:\UTN\DLC\Ficha 08 [AEM - Algoritmo de Prim]\Ficha 08 [AEM - Algoritmo de Prim]\DLC-Prim 
java_command: org.codehaus.plexus.classworlds.launcher.Launcher -Dexec.args=-classpath %classpath interfaz.Principal -Dexec.executable=C:\Program Files\Java\jdk-11.0.10\bin\java.exe -Dmaven.ext.class.path=C:\Program Files\NetBeans-12.3\netbeans\java\maven-nblib\netbeans-eventspy.jar org.codehaus.mojo:exec-maven-plugin:3.0.0:exec
java_class_path (initial): C:\Program Files\NetBeans-12.3\netbeans\java\maven\bin\..\boot\plexus-classworlds-2.6.0.jar
Launcher Type: SUN_STANDARD

[Global flags]
     intx CICompilerCount                          = 4                                         {product} {ergonomic}
     uint ConcGCThreads                            = 2                                         {product} {ergonomic}
     uint G1ConcRefinementThreads                  = 8                                         {product} {ergonomic}
   size_t G1HeapRegionSize                         = 1048576                                   {product} {ergonomic}
    uintx GCDrainStackTargetSize                   = 64                                        {product} {ergonomic}
   size_t InitialHeapSize                          = 199229440                                 {product} {ergonomic}
   size_t MarkStackSize                            = 4194304                                   {product} {ergonomic}
   size_t MaxHeapSize                              = 3168796672                                {product} {ergonomic}
   size_t MaxNewSize                               = 1901068288                                {product} {ergonomic}
   size_t MinHeapDeltaBytes                        = 1048576                                   {product} {ergonomic}
    uintx NonNMethodCodeHeapSize                   = 5836300                                {pd product} {ergonomic}
    uintx NonProfiledCodeHeapSize                  = 122910970                              {pd product} {ergonomic}
    uintx ProfiledCodeHeapSize                     = 122910970                              {pd product} {ergonomic}
    uintx ReservedCodeCacheSize                    = 251658240                              {pd product} {ergonomic}
     bool SegmentedCodeCache                       = true                                      {product} {ergonomic}
     bool UseCompressedClassPointers               = true                                 {lp64_product} {ergonomic}
     bool UseCompressedOops                        = true                                 {lp64_product} {ergonomic}
     bool UseG1GC                                  = true                                      {product} {ergonomic}
     bool UseLargePagesIndividualAllocation        = false                                  {pd product} {ergonomic}

Logging:
Log output configuration:
 #0: stdout all=warning uptime,level,tags
 #1: stderr all=off uptime,level,tags

Environment Variables:
JAVA_HOME=C:\Program Files\Java\jdk-11.0.10
PATH=C:\Program Files\Common Files\Oracle\Java\javapath;C:\Program Files (x86)\Common Files\Oracle\Java\javapath;C:\Windows\system32;C:\Windows;C:\Windows\System32\Wbem;C:\Windows\System32\WindowsPowerShell\v1.0\;C:\Windows\System32\OpenSSH\;C:\PROGRA~2\IBM\CLIENT~1;C:\PROGRA~2\IBM\CLIENT~1\Shared;C:\PROGRA~2\IBM\CLIENT~1\Emulator;C:\Program Files (x86)\Windows Kits\10\Windows Performance Toolkit\;C:\Program Files (x86)\Windows Kits\10\Microsoft Application Virtualization\Sequencer\;c:\Program Files (x86)\Microsoft SQL Server\100\Tools\Binn\;c:\Program Files\Microsoft SQL Server\100\Tools\Binn\;c:\Program Files\Microsoft SQL Server\100\DTS\Binn\;C:\Program Files (x86)\Windows Kits\8.1\Windows Performance Toolkit\;C:\Program Files\Microsoft SQL Server\110\Tools\Binn\;C:\Program Files (x86)\Microsoft SQL Server\110\Tools\Binn\ManagementStudio\;C:\Program Files (x86)\Microsoft SQL Server\110\Tools\Binn\;C:\Program Files (x86)\Microsoft Visual Studio 10.0\Common7\IDE\PrivateAssemblies\;C:\Program Files (x86)\Microsoft SQL Server\110\DTS\Binn\;C:\Program Files\Git\cmd;C:\Program Files\Docker\Docker\resources\bin;C:\ProgramData\DockerDesktop\version-bin;C:\Users\CC31899077\AppData\Local\Programs\Python\Python37\Scripts\;C:\Users\CC31899077\AppData\Local\Programs\Python\Python37\;C:\Users\CC31899077\AppData\Local\Programs\Python\Python39\Scripts\;C:\Users\CC31899077\AppData\Local\Programs\Python\Python39\;C:\Users\CC31899077\AppData\Local\Microsoft\WindowsApps;C:\Program Files\JetBrains\PyCharm Community Edition 2020.3\bin;;C:\Python\ExtractorReportes\WebDrivers;C:\Program Files\JetBrains\IntelliJ IDEA 2020.3.2\bin;;C:\UTN\DLC\mysql-connector-java-8.0.22;
USERNAME=CC31899077
OS=Windows_NT
PROCESSOR_IDENTIFIER=Intel64 Family 6 Model 126 Stepping 5, GenuineIntel



---------------  S Y S T E M  ---------------

OS: Windows 10 , 64 bit Build 19041 (10.0.19041.662)
Hyper-V role detected

CPU:total 8 (initial active 8) (4 cores per cpu, 2 threads per core) family 6 model 126 stepping 5 microcode 0x78, cmov, cx8, fxsr, mmx, sse, sse2, sse3, ssse3, sse4.1, sse4.2, popcnt, avx, avx2, aes, clmul, erms, 3dnowpref, lzcnt, ht, tsc, tscinvbit, bmi1, bmi2, adx, evex, sha, fma

Memory: 4k page, system-wide physical 12083M (3919M free)
TotalPageFile size 17283M (AvailPageFile size 3M)
current process WorkingSet (physical memory assigned to process): 153M, peak: 153M
current process commit charge ("private bytes"): 317M, peak: 317M

vm_info: Java HotSpot(TM) 64-Bit Server VM (11.0.10+8-LTS-162) for windows-amd64 JRE (11.0.10+8-LTS-162), built on Dec  8 2020 16:32:57 by "mach5one" with MS VC++ 15.9 (VS2017)

END.
